{"C:\\Users\\e3141\\source\\repos\\cookEATrepeat\\cookEATrepeat_MERN_v3.0\\client\\src\\App.js": {"path":"C:\\Users\\e3141\\source\\repos\\cookEATrepeat\\cookEATrepeat_MERN_v3.0\\client\\src\\App.js","statementMap":{"0":{"start":{"line":17,"column":23},"end":{"line":24,"column":1}},"1":{"start":{"line":29,"column":6},"end":{"line":29,"column":14}},"2":{"start":{"line":31,"column":6},"end":{"line":33,"column":8}},"3":{"start":{"line":37,"column":8},"end":{"line":39,"column":17}},"4":{"start":{"line":38,"column":12},"end":{"line":38,"column":42}},"5":{"start":{"line":43,"column":6},"end":{"line":63,"column":8}}},"fnMap":{"0":{"name":"(anonymous_0)","decl":{"start":{"line":28,"column":4},"end":{"line":28,"column":5}},"loc":{"start":{"line":28,"column":18},"end":{"line":34,"column":5}},"line":28},"1":{"name":"(anonymous_1)","decl":{"start":{"line":36,"column":4},"end":{"line":36,"column":5}},"loc":{"start":{"line":36,"column":24},"end":{"line":40,"column":5}},"line":36},"2":{"name":"(anonymous_2)","decl":{"start":{"line":37,"column":19},"end":{"line":37,"column":20}},"loc":{"start":{"line":37,"column":25},"end":{"line":39,"column":9}},"line":37},"3":{"name":"(anonymous_3)","decl":{"start":{"line":42,"column":4},"end":{"line":42,"column":5}},"loc":{"start":{"line":42,"column":13},"end":{"line":64,"column":5}},"line":42}},"branchMap":{"0":{"loc":{"start":{"line":45,"column":11},"end":{"line":60,"column":11}},"type":"cond-expr","locations":[{"start":{"line":46,"column":12},"end":{"line":57,"column":21}},{"start":{"line":59,"column":12},"end":{"line":59,"column":25}}],"line":45}},"s":{"0":1,"1":1,"2":1,"3":1,"4":0,"5":1},"f":{"0":1,"1":1,"2":0,"3":1},"b":{"0":[1,0]},"_coverageSchema":"43e27e138ebf9cfc5966b082cf9a028302ed4184","hash":"b680919bdbb573017241c8e66cbe84769606b8e5"}
,"C:\\Users\\e3141\\source\\repos\\cookEATrepeat\\cookEATrepeat_MERN_v3.0\\client\\src\\index.js": {"path":"C:\\Users\\e3141\\source\\repos\\cookEATrepeat\\cookEATrepeat_MERN_v3.0\\client\\src\\index.js","statementMap":{"0":{"start":{"line":5,"column":0},"end":{"line":7,"column":39}}},"fnMap":{},"branchMap":{},"s":{"0":0},"f":{},"b":{},"hash":"8804070b9a1aaae73578db50762458ac847ea7d0"}
,"C:\\Users\\e3141\\source\\repos\\cookEATrepeat\\cookEATrepeat_MERN_v3.0\\client\\src\\components\\auth-route.js": {"path":"C:\\Users\\e3141\\source\\repos\\cookEATrepeat\\cookEATrepeat_MERN_v3.0\\client\\src\\components\\auth-route.js","statementMap":{"0":{"start":{"line":19,"column":18},"end":{"line":36,"column":1}},"1":{"start":{"line":20,"column":4},"end":{"line":35,"column":6}},"2":{"start":{"line":22,"column":12},"end":{"line":33,"column":17}}},"fnMap":{"0":{"name":"(anonymous_0)","decl":{"start":{"line":19,"column":18},"end":{"line":19,"column":19}},"loc":{"start":{"line":19,"column":63},"end":{"line":36,"column":1}},"line":19},"1":{"name":"(anonymous_1)","decl":{"start":{"line":21,"column":33},"end":{"line":21,"column":34}},"loc":{"start":{"line":22,"column":12},"end":{"line":33,"column":17}},"line":22}},"branchMap":{"0":{"loc":{"start":{"line":22,"column":12},"end":{"line":33,"column":17}},"type":"cond-expr","locations":[{"start":{"line":23,"column":16},"end":{"line":27,"column":17}},{"start":{"line":29,"column":20},"end":{"line":32,"column":25}}],"line":22},"1":{"loc":{"start":{"line":23,"column":16},"end":{"line":27,"column":17}},"type":"cond-expr","locations":[{"start":{"line":24,"column":20},"end":{"line":24,"column":79}},{"start":{"line":26,"column":20},"end":{"line":26,"column":44}}],"line":23}},"s":{"0":1,"1":0,"2":0},"f":{"0":0,"1":0},"b":{"0":[0,0],"1":[0,0]},"_coverageSchema":"43e27e138ebf9cfc5966b082cf9a028302ed4184","hash":"947406a7a18870f67a28a289593299cdd9aa199a"}
,"C:\\Users\\e3141\\source\\repos\\cookEATrepeat\\cookEATrepeat_MERN_v3.0\\client\\src\\components\\create-recipe.js": {"path":"C:\\Users\\e3141\\source\\repos\\cookEATrepeat\\cookEATrepeat_MERN_v3.0\\client\\src\\components\\create-recipe.js","statementMap":{"0":{"start":{"line":11,"column":23},"end":{"line":18,"column":1}},"1":{"start":{"line":32,"column":8},"end":{"line":32,"column":21}},"2":{"start":{"line":34,"column":8},"end":{"line":34,"column":57}},"3":{"start":{"line":35,"column":8},"end":{"line":35,"column":69}},"4":{"start":{"line":36,"column":8},"end":{"line":36,"column":49}},"5":{"start":{"line":37,"column":8},"end":{"line":37,"column":67}},"6":{"start":{"line":38,"column":8},"end":{"line":38,"column":59}},"7":{"start":{"line":40,"column":8},"end":{"line":62,"column":9}},"8":{"start":{"line":67,"column":8},"end":{"line":67,"column":30}},"9":{"start":{"line":71,"column":21},"end":{"line":71,"column":38}},"10":{"start":{"line":72,"column":22},"end":{"line":72,"column":40}},"11":{"start":{"line":73,"column":8},"end":{"line":75,"column":10}},"12":{"start":{"line":74,"column":20},"end":{"line":74,"column":51}},"13":{"start":{"line":79,"column":8},"end":{"line":79,"column":27}},"14":{"start":{"line":80,"column":8},"end":{"line":85,"column":11}},"15":{"start":{"line":89,"column":8},"end":{"line":89,"column":27}},"16":{"start":{"line":90,"column":8},"end":{"line":90,"column":39}},"17":{"start":{"line":92,"column":19},"end":{"line":92,"column":41}},"18":{"start":{"line":93,"column":8},"end":{"line":93,"column":77}},"19":{"start":{"line":95,"column":27},"end":{"line":95,"column":45}},"20":{"start":{"line":96,"column":8},"end":{"line":104,"column":9}},"21":{"start":{"line":97,"column":12},"end":{"line":101,"column":14}},"22":{"start":{"line":99,"column":16},"end":{"line":99,"column":43}},"23":{"start":{"line":100,"column":16},"end":{"line":100,"column":45}},"24":{"start":{"line":103,"column":12},"end":{"line":103,"column":29}},"25":{"start":{"line":108,"column":36},"end":{"line":108,"column":57}},"26":{"start":{"line":109,"column":24},"end":{"line":109,"column":44}},"27":{"start":{"line":110,"column":31},"end":{"line":110,"column":58}},"28":{"start":{"line":111,"column":32},"end":{"line":111,"column":60}},"29":{"start":{"line":112,"column":31},"end":{"line":112,"column":58}},"30":{"start":{"line":114,"column":8},"end":{"line":133,"column":9}},"31":{"start":{"line":116,"column":16},"end":{"line":116,"column":46}},"32":{"start":{"line":117,"column":16},"end":{"line":117,"column":82}},"33":{"start":{"line":118,"column":16},"end":{"line":118,"column":22}},"34":{"start":{"line":120,"column":16},"end":{"line":120,"column":53}},"35":{"start":{"line":121,"column":16},"end":{"line":121,"column":92}},"36":{"start":{"line":122,"column":16},"end":{"line":122,"column":22}},"37":{"start":{"line":124,"column":16},"end":{"line":124,"column":54}},"38":{"start":{"line":125,"column":16},"end":{"line":125,"column":94}},"39":{"start":{"line":126,"column":16},"end":{"line":126,"column":22}},"40":{"start":{"line":128,"column":16},"end":{"line":128,"column":53}},"41":{"start":{"line":129,"column":16},"end":{"line":129,"column":92}},"42":{"start":{"line":130,"column":16},"end":{"line":130,"column":22}},"43":{"start":{"line":132,"column":16},"end":{"line":132,"column":22}},"44":{"start":{"line":134,"column":8},"end":{"line":140,"column":30}},"45":{"start":{"line":143,"column":8},"end":{"line":150,"column":11}},"46":{"start":{"line":154,"column":8},"end":{"line":259,"column":9}}},"fnMap":{"0":{"name":"(anonymous_0)","decl":{"start":{"line":31,"column":4},"end":{"line":31,"column":5}},"loc":{"start":{"line":31,"column":23},"end":{"line":63,"column":5}},"line":31},"1":{"name":"(anonymous_1)","decl":{"start":{"line":65,"column":4},"end":{"line":65,"column":5}},"loc":{"start":{"line":65,"column":24},"end":{"line":68,"column":5}},"line":65},"2":{"name":"(anonymous_2)","decl":{"start":{"line":70,"column":4},"end":{"line":70,"column":5}},"loc":{"start":{"line":70,"column":24},"end":{"line":76,"column":5}},"line":70},"3":{"name":"(anonymous_3)","decl":{"start":{"line":74,"column":12},"end":{"line":74,"column":13}},"loc":{"start":{"line":74,"column":18},"end":{"line":74,"column":53}},"line":74},"4":{"name":"(anonymous_4)","decl":{"start":{"line":78,"column":4},"end":{"line":78,"column":5}},"loc":{"start":{"line":78,"column":26},"end":{"line":86,"column":5}},"line":78},"5":{"name":"(anonymous_5)","decl":{"start":{"line":88,"column":4},"end":{"line":88,"column":5}},"loc":{"start":{"line":88,"column":16},"end":{"line":105,"column":5}},"line":88},"6":{"name":"(anonymous_6)","decl":{"start":{"line":98,"column":18},"end":{"line":98,"column":19}},"loc":{"start":{"line":98,"column":24},"end":{"line":101,"column":13}},"line":98},"7":{"name":"(anonymous_7)","decl":{"start":{"line":107,"column":4},"end":{"line":107,"column":5}},"loc":{"start":{"line":107,"column":36},"end":{"line":141,"column":5}},"line":107},"8":{"name":"(anonymous_8)","decl":{"start":{"line":142,"column":4},"end":{"line":142,"column":5}},"loc":{"start":{"line":142,"column":19},"end":{"line":151,"column":5}},"line":142},"9":{"name":"(anonymous_9)","decl":{"start":{"line":153,"column":4},"end":{"line":153,"column":5}},"loc":{"start":{"line":153,"column":13},"end":{"line":260,"column":5}},"line":153}},"branchMap":{"0":{"loc":{"start":{"line":114,"column":8},"end":{"line":133,"column":9}},"type":"switch","locations":[{"start":{"line":115,"column":12},"end":{"line":118,"column":22}},{"start":{"line":119,"column":12},"end":{"line":122,"column":22}},{"start":{"line":123,"column":12},"end":{"line":126,"column":22}},{"start":{"line":127,"column":12},"end":{"line":130,"column":22}},{"start":{"line":131,"column":12},"end":{"line":132,"column":22}}],"line":114},"1":{"loc":{"start":{"line":117,"column":51},"end":{"line":117,"column":81}},"type":"cond-expr","locations":[{"start":{"line":117,"column":63},"end":{"line":117,"column":65}},{"start":{"line":117,"column":68},"end":{"line":117,"column":81}}],"line":117},"2":{"loc":{"start":{"line":121,"column":52},"end":{"line":121,"column":91}},"type":"cond-expr","locations":[{"start":{"line":121,"column":71},"end":{"line":121,"column":73}},{"start":{"line":121,"column":76},"end":{"line":121,"column":91}}],"line":121},"3":{"loc":{"start":{"line":125,"column":53},"end":{"line":125,"column":93}},"type":"cond-expr","locations":[{"start":{"line":125,"column":73},"end":{"line":125,"column":75}},{"start":{"line":125,"column":78},"end":{"line":125,"column":93}}],"line":125},"4":{"loc":{"start":{"line":129,"column":52},"end":{"line":129,"column":91}},"type":"cond-expr","locations":[{"start":{"line":129,"column":71},"end":{"line":129,"column":73}},{"start":{"line":129,"column":76},"end":{"line":129,"column":91}}],"line":129},"5":{"loc":{"start":{"line":145,"column":16},"end":{"line":149,"column":46}},"type":"binary-expr","locations":[{"start":{"line":145,"column":16},"end":{"line":145,"column":40}},{"start":{"line":146,"column":19},"end":{"line":146,"column":43}},{"start":{"line":147,"column":19},"end":{"line":147,"column":46}},{"start":{"line":148,"column":19},"end":{"line":148,"column":47}},{"start":{"line":149,"column":19},"end":{"line":149,"column":46}}],"line":145},"6":{"loc":{"start":{"line":249,"column":25},"end":{"line":254,"column":25}},"type":"cond-expr","locations":[{"start":{"line":250,"column":28},"end":{"line":250,"column":101}},{"start":{"line":252,"column":28},"end":{"line":253,"column":54}}],"line":249}},"s":{"0":1,"1":0,"2":0,"3":0,"4":0,"5":0,"6":0,"7":0,"8":0,"9":0,"10":0,"11":0,"12":0,"13":0,"14":0,"15":0,"16":0,"17":0,"18":0,"19":0,"20":0,"21":0,"22":0,"23":0,"24":0,"25":0,"26":0,"27":0,"28":0,"29":0,"30":0,"31":0,"32":0,"33":0,"34":0,"35":0,"36":0,"37":0,"38":0,"39":0,"40":0,"41":0,"42":0,"43":0,"44":0,"45":0,"46":0},"f":{"0":0,"1":0,"2":0,"3":0,"4":0,"5":0,"6":0,"7":0,"8":0,"9":0},"b":{"0":[0,0,0,0,0],"1":[0,0],"2":[0,0],"3":[0,0],"4":[0,0],"5":[0,0,0,0,0],"6":[0,0]},"_coverageSchema":"43e27e138ebf9cfc5966b082cf9a028302ed4184","hash":"754cec961b80b6985d2da45eac4b7aeb1136891d"}
,"C:\\Users\\e3141\\source\\repos\\cookEATrepeat\\cookEATrepeat_MERN_v3.0\\client\\src\\components\\edit-recipe.js": {"path":"C:\\Users\\e3141\\source\\repos\\cookEATrepeat\\cookEATrepeat_MERN_v3.0\\client\\src\\components\\edit-recipe.js","statementMap":{"0":{"start":{"line":13,"column":8},"end":{"line":13,"column":21}},"1":{"start":{"line":15,"column":18},"end":{"line":15,"column":42}},"2":{"start":{"line":16,"column":17},"end":{"line":16,"column":56}},"3":{"start":{"line":18,"column":8},"end":{"line":18,"column":57}},"4":{"start":{"line":19,"column":8},"end":{"line":19,"column":49}},"5":{"start":{"line":20,"column":8},"end":{"line":20,"column":67}},"6":{"start":{"line":22,"column":8},"end":{"line":29,"column":9}},"7":{"start":{"line":34,"column":8},"end":{"line":34,"column":30}},"8":{"start":{"line":35,"column":27},"end":{"line":35,"column":59}},"9":{"start":{"line":36,"column":8},"end":{"line":41,"column":10}},"10":{"start":{"line":45,"column":8},"end":{"line":47,"column":11}},"11":{"start":{"line":51,"column":8},"end":{"line":51,"column":27}},"12":{"start":{"line":53,"column":23},"end":{"line":60,"column":9}},"13":{"start":{"line":62,"column":8},"end":{"line":65,"column":14}},"14":{"start":{"line":64,"column":16},"end":{"line":64,"column":45}},"15":{"start":{"line":68,"column":8},"end":{"line":136,"column":9}}},"fnMap":{"0":{"name":"(anonymous_0)","decl":{"start":{"line":12,"column":4},"end":{"line":12,"column":5}},"loc":{"start":{"line":12,"column":23},"end":{"line":30,"column":5}},"line":12},"1":{"name":"(anonymous_1)","decl":{"start":{"line":32,"column":4},"end":{"line":32,"column":5}},"loc":{"start":{"line":32,"column":24},"end":{"line":42,"column":5}},"line":32},"2":{"name":"(anonymous_2)","decl":{"start":{"line":44,"column":4},"end":{"line":44,"column":5}},"loc":{"start":{"line":44,"column":24},"end":{"line":48,"column":5}},"line":44},"3":{"name":"(anonymous_3)","decl":{"start":{"line":50,"column":4},"end":{"line":50,"column":5}},"loc":{"start":{"line":50,"column":16},"end":{"line":66,"column":5}},"line":50},"4":{"name":"(anonymous_4)","decl":{"start":{"line":63,"column":18},"end":{"line":63,"column":19}},"loc":{"start":{"line":63,"column":25},"end":{"line":65,"column":13}},"line":63},"5":{"name":"(anonymous_5)","decl":{"start":{"line":67,"column":4},"end":{"line":67,"column":5}},"loc":{"start":{"line":67,"column":13},"end":{"line":137,"column":5}},"line":67}},"branchMap":{},"s":{"0":0,"1":0,"2":0,"3":0,"4":0,"5":0,"6":0,"7":0,"8":0,"9":0,"10":0,"11":0,"12":0,"13":0,"14":0,"15":0},"f":{"0":0,"1":0,"2":0,"3":0,"4":0,"5":0},"b":{},"_coverageSchema":"43e27e138ebf9cfc5966b082cf9a028302ed4184","hash":"f0c94660ed4782c29d58d8da6b20efefb8866679"}
,"C:\\Users\\e3141\\source\\repos\\cookEATrepeat\\cookEATrepeat_MERN_v3.0\\client\\src\\components\\footer.js": {"path":"C:\\Users\\e3141\\source\\repos\\cookEATrepeat\\cookEATrepeat_MERN_v3.0\\client\\src\\components\\footer.js","statementMap":{"0":{"start":{"line":3,"column":15},"end":{"line":12,"column":1}},"1":{"start":{"line":4,"column":4},"end":{"line":11,"column":7}}},"fnMap":{"0":{"name":"(anonymous_0)","decl":{"start":{"line":3,"column":15},"end":{"line":3,"column":16}},"loc":{"start":{"line":4,"column":4},"end":{"line":11,"column":7}},"line":4}},"branchMap":{},"s":{"0":1,"1":0},"f":{"0":0},"b":{},"_coverageSchema":"43e27e138ebf9cfc5966b082cf9a028302ed4184","hash":"e26099ccdc7cd023e25e11833b737d6725a927c1"}
,"C:\\Users\\e3141\\source\\repos\\cookEATrepeat\\cookEATrepeat_MERN_v3.0\\client\\src\\components\\home.js": {"path":"C:\\Users\\e3141\\source\\repos\\cookEATrepeat\\cookEATrepeat_MERN_v3.0\\client\\src\\components\\home.js","statementMap":{"0":{"start":{"line":11,"column":21},"end":{"line":27,"column":1}},"1":{"start":{"line":12,"column":4},"end":{"line":26,"column":5}},"2":{"start":{"line":13,"column":8},"end":{"line":25,"column":9}},"3":{"start":{"line":29,"column":21},"end":{"line":31,"column":1}},"4":{"start":{"line":30,"column":4},"end":{"line":30,"column":110}},"5":{"start":{"line":30,"column":40},"end":{"line":30,"column":109}},"6":{"start":{"line":63,"column":13},"end":{"line":72,"column":1}},"7":{"start":{"line":64,"column":4},"end":{"line":71,"column":5}}},"fnMap":{"0":{"name":"(anonymous_0)","decl":{"start":{"line":11,"column":21},"end":{"line":11,"column":22}},"loc":{"start":{"line":11,"column":57},"end":{"line":27,"column":1}},"line":11},"1":{"name":"(anonymous_1)","decl":{"start":{"line":29,"column":21},"end":{"line":29,"column":22}},"loc":{"start":{"line":29,"column":74},"end":{"line":31,"column":1}},"line":29},"2":{"name":"(anonymous_2)","decl":{"start":{"line":30,"column":23},"end":{"line":30,"column":24}},"loc":{"start":{"line":30,"column":40},"end":{"line":30,"column":109}},"line":30},"3":{"name":"(anonymous_3)","decl":{"start":{"line":63,"column":13},"end":{"line":63,"column":14}},"loc":{"start":{"line":63,"column":70},"end":{"line":72,"column":1}},"line":63}},"branchMap":{"0":{"loc":{"start":{"line":12,"column":4},"end":{"line":26,"column":5}},"type":"if","locations":[{"start":{"line":12,"column":4},"end":{"line":26,"column":5}},{"start":{"line":12,"column":4},"end":{"line":26,"column":5}}],"line":12}},"s":{"0":2,"1":2,"2":2,"3":2,"4":1,"5":2,"6":2,"7":1},"f":{"0":2,"1":1,"2":2,"3":1},"b":{"0":[2,0]},"_coverageSchema":"43e27e138ebf9cfc5966b082cf9a028302ed4184","hash":"fa0cdabde66a3077b9eb8a630cc7f9d3b8f3b4ea"}
,"C:\\Users\\e3141\\source\\repos\\cookEATrepeat\\cookEATrepeat_MERN_v3.0\\client\\src\\components\\login.js": {"path":"C:\\Users\\e3141\\source\\repos\\cookEATrepeat\\cookEATrepeat_MERN_v3.0\\client\\src\\components\\login.js","statementMap":{"0":{"start":{"line":19,"column":8},"end":{"line":19,"column":21}},"1":{"start":{"line":20,"column":8},"end":{"line":28,"column":9}},"2":{"start":{"line":30,"column":8},"end":{"line":30,"column":57}},"3":{"start":{"line":31,"column":8},"end":{"line":31,"column":57}},"4":{"start":{"line":32,"column":8},"end":{"line":32,"column":67}},"5":{"start":{"line":33,"column":8},"end":{"line":33,"column":59}},"6":{"start":{"line":34,"column":8},"end":{"line":34,"column":53}},"7":{"start":{"line":39,"column":8},"end":{"line":39,"column":30}},"8":{"start":{"line":43,"column":21},"end":{"line":43,"column":38}},"9":{"start":{"line":44,"column":22},"end":{"line":44,"column":40}},"10":{"start":{"line":45,"column":8},"end":{"line":48,"column":15}},"11":{"start":{"line":47,"column":16},"end":{"line":47,"column":47}},"12":{"start":{"line":60,"column":8},"end":{"line":60,"column":31}},"13":{"start":{"line":62,"column":26},"end":{"line":69,"column":9}},"14":{"start":{"line":70,"column":8},"end":{"line":90,"column":14}},"15":{"start":{"line":74,"column":16},"end":{"line":86,"column":17}},"16":{"start":{"line":75,"column":35},"end":{"line":79,"column":21}},"17":{"start":{"line":80,"column":20},"end":{"line":82,"column":23}},"18":{"start":{"line":83,"column":20},"end":{"line":85,"column":22}},"19":{"start":{"line":89,"column":16},"end":{"line":89,"column":51}},"20":{"start":{"line":94,"column":36},"end":{"line":94,"column":57}},"21":{"start":{"line":95,"column":28},"end":{"line":95,"column":52}},"22":{"start":{"line":96,"column":28},"end":{"line":96,"column":52}},"23":{"start":{"line":98,"column":8},"end":{"line":109,"column":9}},"24":{"start":{"line":100,"column":16},"end":{"line":100,"column":84}},"25":{"start":{"line":101,"column":16},"end":{"line":101,"column":84}},"26":{"start":{"line":102,"column":16},"end":{"line":102,"column":22}},"27":{"start":{"line":104,"column":16},"end":{"line":104,"column":50}},"28":{"start":{"line":105,"column":16},"end":{"line":105,"column":86}},"29":{"start":{"line":106,"column":16},"end":{"line":106,"column":22}},"30":{"start":{"line":108,"column":16},"end":{"line":108,"column":22}},"31":{"start":{"line":110,"column":8},"end":{"line":114,"column":30}},"32":{"start":{"line":117,"column":8},"end":{"line":117,"column":91}},"33":{"start":{"line":120,"column":8},"end":{"line":120,"column":53}},"34":{"start":{"line":126,"column":27},"end":{"line":126,"column":48}},"35":{"start":{"line":128,"column":8},"end":{"line":179,"column":9}},"36":{"start":{"line":129,"column":12},"end":{"line":129,"column":42}},"37":{"start":{"line":131,"column":12},"end":{"line":178,"column":13}}},"fnMap":{"0":{"name":"(anonymous_0)","decl":{"start":{"line":18,"column":4},"end":{"line":18,"column":5}},"loc":{"start":{"line":18,"column":23},"end":{"line":35,"column":5}},"line":18},"1":{"name":"(anonymous_1)","decl":{"start":{"line":37,"column":4},"end":{"line":37,"column":5}},"loc":{"start":{"line":37,"column":24},"end":{"line":40,"column":5}},"line":37},"2":{"name":"(anonymous_2)","decl":{"start":{"line":42,"column":4},"end":{"line":42,"column":5}},"loc":{"start":{"line":42,"column":24},"end":{"line":49,"column":5}},"line":42},"3":{"name":"(anonymous_3)","decl":{"start":{"line":46,"column":12},"end":{"line":46,"column":13}},"loc":{"start":{"line":46,"column":18},"end":{"line":48,"column":13}},"line":46},"4":{"name":"(anonymous_4)","decl":{"start":{"line":59,"column":4},"end":{"line":59,"column":5}},"loc":{"start":{"line":59,"column":24},"end":{"line":91,"column":5}},"line":59},"5":{"name":"(anonymous_5)","decl":{"start":{"line":71,"column":18},"end":{"line":71,"column":19}},"loc":{"start":{"line":71,"column":25},"end":{"line":87,"column":13}},"line":71},"6":{"name":"(anonymous_6)","decl":{"start":{"line":88,"column":19},"end":{"line":88,"column":20}},"loc":{"start":{"line":88,"column":26},"end":{"line":90,"column":13}},"line":88},"7":{"name":"(anonymous_7)","decl":{"start":{"line":93,"column":4},"end":{"line":93,"column":5}},"loc":{"start":{"line":93,"column":36},"end":{"line":115,"column":5}},"line":93},"8":{"name":"(anonymous_8)","decl":{"start":{"line":116,"column":4},"end":{"line":116,"column":5}},"loc":{"start":{"line":116,"column":19},"end":{"line":118,"column":5}},"line":116},"9":{"name":"(anonymous_9)","decl":{"start":{"line":119,"column":4},"end":{"line":119,"column":5}},"loc":{"start":{"line":119,"column":20},"end":{"line":121,"column":5}},"line":119},"10":{"name":"(anonymous_10)","decl":{"start":{"line":123,"column":4},"end":{"line":123,"column":5}},"loc":{"start":{"line":123,"column":13},"end":{"line":180,"column":5}},"line":123}},"branchMap":{"0":{"loc":{"start":{"line":74,"column":16},"end":{"line":86,"column":17}},"type":"if","locations":[{"start":{"line":74,"column":16},"end":{"line":86,"column":17}},{"start":{"line":74,"column":16},"end":{"line":86,"column":17}}],"line":74},"1":{"loc":{"start":{"line":98,"column":8},"end":{"line":109,"column":9}},"type":"switch","locations":[{"start":{"line":99,"column":12},"end":{"line":102,"column":22}},{"start":{"line":103,"column":12},"end":{"line":106,"column":22}},{"start":{"line":107,"column":12},"end":{"line":108,"column":22}}],"line":98},"2":{"loc":{"start":{"line":101,"column":49},"end":{"line":101,"column":83}},"type":"cond-expr","locations":[{"start":{"line":101,"column":65},"end":{"line":101,"column":67}},{"start":{"line":101,"column":70},"end":{"line":101,"column":83}}],"line":101},"3":{"loc":{"start":{"line":105,"column":49},"end":{"line":105,"column":85}},"type":"cond-expr","locations":[{"start":{"line":105,"column":65},"end":{"line":105,"column":67}},{"start":{"line":105,"column":70},"end":{"line":105,"column":85}}],"line":105},"4":{"loc":{"start":{"line":117,"column":35},"end":{"line":117,"column":87}},"type":"binary-expr","locations":[{"start":{"line":117,"column":35},"end":{"line":117,"column":59}},{"start":{"line":117,"column":63},"end":{"line":117,"column":87}}],"line":117},"5":{"loc":{"start":{"line":120,"column":16},"end":{"line":120,"column":51}},"type":"cond-expr","locations":[{"start":{"line":120,"column":35},"end":{"line":120,"column":37}},{"start":{"line":120,"column":40},"end":{"line":120,"column":51}}],"line":120},"6":{"loc":{"start":{"line":128,"column":8},"end":{"line":179,"column":9}},"type":"if","locations":[{"start":{"line":128,"column":8},"end":{"line":179,"column":9}},{"start":{"line":128,"column":8},"end":{"line":179,"column":9}}],"line":128}},"s":{"0":0,"1":0,"2":0,"3":0,"4":0,"5":0,"6":0,"7":0,"8":0,"9":0,"10":0,"11":0,"12":0,"13":0,"14":0,"15":0,"16":0,"17":0,"18":0,"19":0,"20":0,"21":0,"22":0,"23":0,"24":0,"25":0,"26":0,"27":0,"28":0,"29":0,"30":0,"31":0,"32":0,"33":0,"34":0,"35":0,"36":0,"37":0},"f":{"0":0,"1":0,"2":0,"3":0,"4":0,"5":0,"6":0,"7":0,"8":0,"9":0,"10":0},"b":{"0":[0,0],"1":[0,0,0],"2":[0,0],"3":[0,0],"4":[0,0],"5":[0,0],"6":[0,0]},"_coverageSchema":"43e27e138ebf9cfc5966b082cf9a028302ed4184","hash":"240533ccc29dd006c5d0c7db186f4cff712ee020"}
,"C:\\Users\\e3141\\source\\repos\\cookEATrepeat\\cookEATrepeat_MERN_v3.0\\client\\src\\components\\navbar.js": {"path":"C:\\Users\\e3141\\source\\repos\\cookEATrepeat\\cookEATrepeat_MERN_v3.0\\client\\src\\components\\navbar.js","statementMap":{"0":{"start":{"line":11,"column":18},"end":{"line":35,"column":1}},"1":{"start":{"line":12,"column":4},"end":{"line":34,"column":5}},"2":{"start":{"line":39,"column":8},"end":{"line":39,"column":21}},"3":{"start":{"line":40,"column":8},"end":{"line":42,"column":10}},"4":{"start":{"line":43,"column":8},"end":{"line":43,"column":57}},"5":{"start":{"line":47,"column":8},"end":{"line":47,"column":49}},"6":{"start":{"line":51,"column":22},"end":{"line":51,"column":51}},"7":{"start":{"line":53,"column":8},"end":{"line":88,"column":10}}},"fnMap":{"0":{"name":"(anonymous_0)","decl":{"start":{"line":11,"column":18},"end":{"line":11,"column":19}},"loc":{"start":{"line":11,"column":27},"end":{"line":35,"column":1}},"line":11},"1":{"name":"(anonymous_1)","decl":{"start":{"line":38,"column":4},"end":{"line":38,"column":5}},"loc":{"start":{"line":38,"column":23},"end":{"line":44,"column":5}},"line":38},"2":{"name":"(anonymous_2)","decl":{"start":{"line":46,"column":4},"end":{"line":46,"column":5}},"loc":{"start":{"line":46,"column":19},"end":{"line":48,"column":5}},"line":46},"3":{"name":"(anonymous_3)","decl":{"start":{"line":50,"column":4},"end":{"line":50,"column":5}},"loc":{"start":{"line":50,"column":13},"end":{"line":89,"column":5}},"line":50}},"branchMap":{"0":{"loc":{"start":{"line":12,"column":12},"end":{"line":33,"column":9}},"type":"cond-expr","locations":[{"start":{"line":13,"column":8},"end":{"line":19,"column":13}},{"start":{"line":21,"column":8},"end":{"line":32,"column":13}}],"line":12},"1":{"loc":{"start":{"line":51,"column":22},"end":{"line":51,"column":51}},"type":"cond-expr","locations":[{"start":{"line":51,"column":40},"end":{"line":51,"column":46}},{"start":{"line":51,"column":49},"end":{"line":51,"column":51}}],"line":51},"2":{"loc":{"start":{"line":71,"column":25},"end":{"line":79,"column":29}},"type":"cond-expr","locations":[{"start":{"line":72,"column":28},"end":{"line":76,"column":31}},{"start":{"line":78,"column":32},"end":{"line":78,"column":37}}],"line":71}},"s":{"0":1,"1":0,"2":0,"3":0,"4":0,"5":0,"6":0,"7":0},"f":{"0":0,"1":0,"2":0,"3":0},"b":{"0":[0,0],"1":[0,0],"2":[0,0]},"_coverageSchema":"43e27e138ebf9cfc5966b082cf9a028302ed4184","hash":"585da1496acfd9fef17dc1920b650c4299d6bde3"}
,"C:\\Users\\e3141\\source\\repos\\cookEATrepeat\\cookEATrepeat_MERN_v3.0\\client\\src\\components\\profiles.js": {"path":"C:\\Users\\e3141\\source\\repos\\cookEATrepeat\\cookEATrepeat_MERN_v3.0\\client\\src\\components\\profiles.js","statementMap":{"0":{"start":{"line":13,"column":8},"end":{"line":13,"column":21}},"1":{"start":{"line":15,"column":8},"end":{"line":15,"column":67}},"2":{"start":{"line":17,"column":8},"end":{"line":19,"column":9}},"3":{"start":{"line":24,"column":8},"end":{"line":24,"column":30}},"4":{"start":{"line":25,"column":26},"end":{"line":32,"column":9}},"5":{"start":{"line":33,"column":8},"end":{"line":49,"column":14}},"6":{"start":{"line":35,"column":16},"end":{"line":35,"column":60}},"7":{"start":{"line":36,"column":32},"end":{"line":36,"column":34}},"8":{"start":{"line":37,"column":16},"end":{"line":41,"column":18}},"9":{"start":{"line":38,"column":28},"end":{"line":38,"column":85}},"10":{"start":{"line":38,"column":74},"end":{"line":38,"column":84}},"11":{"start":{"line":39,"column":20},"end":{"line":39,"column":68}},"12":{"start":{"line":40,"column":20},"end":{"line":40,"column":32}},"13":{"start":{"line":42,"column":16},"end":{"line":44,"column":19}},"14":{"start":{"line":47,"column":16},"end":{"line":47,"column":52}},"15":{"start":{"line":48,"column":16},"end":{"line":48,"column":33}},"16":{"start":{"line":58,"column":22},"end":{"line":60,"column":10}},"17":{"start":{"line":59,"column":12},"end":{"line":59,"column":71}},"18":{"start":{"line":61,"column":8},"end":{"line":61,"column":21}},"19":{"start":{"line":65,"column":8},"end":{"line":79,"column":9}}},"fnMap":{"0":{"name":"(anonymous_0)","decl":{"start":{"line":12,"column":4},"end":{"line":12,"column":5}},"loc":{"start":{"line":12,"column":23},"end":{"line":20,"column":5}},"line":12},"1":{"name":"(anonymous_1)","decl":{"start":{"line":22,"column":4},"end":{"line":22,"column":5}},"loc":{"start":{"line":22,"column":24},"end":{"line":50,"column":5}},"line":22},"2":{"name":"(anonymous_2)","decl":{"start":{"line":34,"column":18},"end":{"line":34,"column":19}},"loc":{"start":{"line":34,"column":27},"end":{"line":45,"column":13}},"line":34},"3":{"name":"(anonymous_3)","decl":{"start":{"line":37,"column":29},"end":{"line":37,"column":30}},"loc":{"start":{"line":37,"column":42},"end":{"line":41,"column":17}},"line":37},"4":{"name":"(anonymous_4)","decl":{"start":{"line":38,"column":68},"end":{"line":38,"column":69}},"loc":{"start":{"line":38,"column":74},"end":{"line":38,"column":84}},"line":38},"5":{"name":"(anonymous_5)","decl":{"start":{"line":46,"column":19},"end":{"line":46,"column":20}},"loc":{"start":{"line":46,"column":26},"end":{"line":49,"column":13}},"line":46},"6":{"name":"(anonymous_6)","decl":{"start":{"line":57,"column":4},"end":{"line":57,"column":5}},"loc":{"start":{"line":57,"column":17},"end":{"line":62,"column":5}},"line":57},"7":{"name":"(anonymous_7)","decl":{"start":{"line":58,"column":43},"end":{"line":58,"column":44}},"loc":{"start":{"line":58,"column":65},"end":{"line":60,"column":9}},"line":58},"8":{"name":"(anonymous_8)","decl":{"start":{"line":64,"column":4},"end":{"line":64,"column":5}},"loc":{"start":{"line":64,"column":13},"end":{"line":80,"column":5}},"line":64}},"branchMap":{},"s":{"0":1,"1":1,"2":1,"3":1,"4":1,"5":1,"6":0,"7":0,"8":0,"9":0,"10":0,"11":0,"12":0,"13":0,"14":0,"15":0,"16":1,"17":0,"18":1,"19":1},"f":{"0":1,"1":1,"2":0,"3":0,"4":0,"5":0,"6":1,"7":0,"8":1},"b":{},"_coverageSchema":"43e27e138ebf9cfc5966b082cf9a028302ed4184","hash":"237c0bdd346ff2db6505a618bff6898ba680c692"}
,"C:\\Users\\e3141\\source\\repos\\cookEATrepeat\\cookEATrepeat_MERN_v3.0\\client\\src\\components\\recipe-detail.js": {"path":"C:\\Users\\e3141\\source\\repos\\cookEATrepeat\\cookEATrepeat_MERN_v3.0\\client\\src\\components\\recipe-detail.js","statementMap":{"0":{"start":{"line":12,"column":15},"end":{"line":39,"column":1}},"1":{"start":{"line":13,"column":4},"end":{"line":38,"column":7}},"2":{"start":{"line":53,"column":8},"end":{"line":53,"column":30}},"3":{"start":{"line":57,"column":29},"end":{"line":57,"column":61}},"4":{"start":{"line":58,"column":8},"end":{"line":62,"column":9}},"5":{"start":{"line":59,"column":12},"end":{"line":59,"column":81}},"6":{"start":{"line":61,"column":12},"end":{"line":61,"column":47}},"7":{"start":{"line":66,"column":8},"end":{"line":70,"column":9}}},"fnMap":{"0":{"name":"(anonymous_0)","decl":{"start":{"line":12,"column":15},"end":{"line":12,"column":16}},"loc":{"start":{"line":13,"column":4},"end":{"line":38,"column":7}},"line":13},"1":{"name":"(anonymous_1)","decl":{"start":{"line":51,"column":4},"end":{"line":51,"column":5}},"loc":{"start":{"line":51,"column":24},"end":{"line":54,"column":5}},"line":51},"2":{"name":"(anonymous_2)","decl":{"start":{"line":56,"column":4},"end":{"line":56,"column":5}},"loc":{"start":{"line":56,"column":13},"end":{"line":63,"column":5}},"line":56},"3":{"name":"(anonymous_3)","decl":{"start":{"line":65,"column":4},"end":{"line":65,"column":5}},"loc":{"start":{"line":65,"column":13},"end":{"line":71,"column":5}},"line":65}},"branchMap":{"0":{"loc":{"start":{"line":58,"column":8},"end":{"line":62,"column":9}},"type":"if","locations":[{"start":{"line":58,"column":8},"end":{"line":62,"column":9}},{"start":{"line":58,"column":8},"end":{"line":62,"column":9}}],"line":58}},"s":{"0":1,"1":0,"2":0,"3":0,"4":0,"5":0,"6":0,"7":0},"f":{"0":0,"1":0,"2":0,"3":0},"b":{"0":[0,0]},"_coverageSchema":"43e27e138ebf9cfc5966b082cf9a028302ed4184","hash":"6315f1db4e0c9ba835bb9c0635bbb2c171188836"}
,"C:\\Users\\e3141\\source\\repos\\cookEATrepeat\\cookEATrepeat_MERN_v3.0\\client\\src\\components\\recipes-list.js": {"path":"C:\\Users\\e3141\\source\\repos\\cookEATrepeat\\cookEATrepeat_MERN_v3.0\\client\\src\\components\\recipes-list.js","statementMap":{"0":{"start":{"line":16,"column":25},"end":{"line":53,"column":1}},"1":{"start":{"line":17,"column":4},"end":{"line":52,"column":9}},"2":{"start":{"line":41,"column":115},"end":{"line":41,"column":157}},"3":{"start":{"line":67,"column":30},"end":{"line":98,"column":1}},"4":{"start":{"line":68,"column":4},"end":{"line":97,"column":9}},"5":{"start":{"line":86,"column":115},"end":{"line":86,"column":157}},"6":{"start":{"line":111,"column":8},"end":{"line":111,"column":21}},"7":{"start":{"line":113,"column":8},"end":{"line":113,"column":57}},"8":{"start":{"line":114,"column":8},"end":{"line":114,"column":67}},"9":{"start":{"line":120,"column":8},"end":{"line":120,"column":30}},"10":{"start":{"line":129,"column":8},"end":{"line":135,"column":15}},"11":{"start":{"line":131,"column":16},"end":{"line":131,"column":43}},"12":{"start":{"line":134,"column":16},"end":{"line":134,"column":61}},"13":{"start":{"line":146,"column":20},"end":{"line":146,"column":37}},"14":{"start":{"line":148,"column":8},"end":{"line":172,"column":9}},"15":{"start":{"line":149,"column":12},"end":{"line":159,"column":14}},"16":{"start":{"line":150,"column":16},"end":{"line":158,"column":19}},"17":{"start":{"line":161,"column":12},"end":{"line":171,"column":14}},"18":{"start":{"line":162,"column":16},"end":{"line":170,"column":19}},"19":{"start":{"line":173,"column":8},"end":{"line":173,"column":21}},"20":{"start":{"line":177,"column":20},"end":{"line":177,"column":37}},"21":{"start":{"line":178,"column":8},"end":{"line":218,"column":9}},"22":{"start":{"line":179,"column":12},"end":{"line":199,"column":13}},"23":{"start":{"line":201,"column":12},"end":{"line":217,"column":13}}},"fnMap":{"0":{"name":"(anonymous_0)","decl":{"start":{"line":16,"column":25},"end":{"line":16,"column":26}},"loc":{"start":{"line":17,"column":4},"end":{"line":52,"column":9}},"line":17},"1":{"name":"(anonymous_1)","decl":{"start":{"line":41,"column":107},"end":{"line":41,"column":108}},"loc":{"start":{"line":41,"column":113},"end":{"line":41,"column":159}},"line":41},"2":{"name":"(anonymous_2)","decl":{"start":{"line":67,"column":30},"end":{"line":67,"column":31}},"loc":{"start":{"line":68,"column":4},"end":{"line":97,"column":9}},"line":68},"3":{"name":"(anonymous_3)","decl":{"start":{"line":86,"column":107},"end":{"line":86,"column":108}},"loc":{"start":{"line":86,"column":113},"end":{"line":86,"column":159}},"line":86},"4":{"name":"(anonymous_4)","decl":{"start":{"line":110,"column":4},"end":{"line":110,"column":5}},"loc":{"start":{"line":110,"column":23},"end":{"line":116,"column":5}},"line":110},"5":{"name":"(anonymous_5)","decl":{"start":{"line":118,"column":4},"end":{"line":118,"column":5}},"loc":{"start":{"line":118,"column":24},"end":{"line":121,"column":5}},"line":118},"6":{"name":"(anonymous_6)","decl":{"start":{"line":128,"column":4},"end":{"line":128,"column":5}},"loc":{"start":{"line":128,"column":21},"end":{"line":136,"column":5}},"line":128},"7":{"name":"(anonymous_7)","decl":{"start":{"line":130,"column":18},"end":{"line":130,"column":19}},"loc":{"start":{"line":130,"column":24},"end":{"line":132,"column":13}},"line":130},"8":{"name":"(anonymous_8)","decl":{"start":{"line":133,"column":19},"end":{"line":133,"column":20}},"loc":{"start":{"line":133,"column":28},"end":{"line":135,"column":13}},"line":133},"9":{"name":"(anonymous_9)","decl":{"start":{"line":145,"column":4},"end":{"line":145,"column":5}},"loc":{"start":{"line":145,"column":23},"end":{"line":174,"column":5}},"line":145},"10":{"name":"(anonymous_10)","decl":{"start":{"line":149,"column":43},"end":{"line":149,"column":44}},"loc":{"start":{"line":149,"column":60},"end":{"line":159,"column":13}},"line":149},"11":{"name":"(anonymous_11)","decl":{"start":{"line":161,"column":43},"end":{"line":161,"column":44}},"loc":{"start":{"line":161,"column":60},"end":{"line":171,"column":13}},"line":161},"12":{"name":"(anonymous_12)","decl":{"start":{"line":176,"column":4},"end":{"line":176,"column":5}},"loc":{"start":{"line":176,"column":13},"end":{"line":219,"column":5}},"line":176}},"branchMap":{"0":{"loc":{"start":{"line":33,"column":13},"end":{"line":50,"column":17}},"type":"cond-expr","locations":[{"start":{"line":34,"column":16},"end":{"line":47,"column":19}},{"start":{"line":49,"column":20},"end":{"line":49,"column":25}}],"line":33},"1":{"loc":{"start":{"line":33,"column":13},"end":{"line":33,"column":42}},"type":"binary-expr","locations":[{"start":{"line":33,"column":13},"end":{"line":33,"column":27}},{"start":{"line":33,"column":31},"end":{"line":33,"column":42}}],"line":33},"2":{"loc":{"start":{"line":78,"column":13},"end":{"line":95,"column":17}},"type":"cond-expr","locations":[{"start":{"line":79,"column":16},"end":{"line":92,"column":19}},{"start":{"line":94,"column":20},"end":{"line":94,"column":25}}],"line":78},"3":{"loc":{"start":{"line":78,"column":13},"end":{"line":78,"column":42}},"type":"binary-expr","locations":[{"start":{"line":78,"column":13},"end":{"line":78,"column":27}},{"start":{"line":78,"column":31},"end":{"line":78,"column":42}}],"line":78},"4":{"loc":{"start":{"line":148,"column":8},"end":{"line":172,"column":9}},"type":"if","locations":[{"start":{"line":148,"column":8},"end":{"line":172,"column":9}},{"start":{"line":148,"column":8},"end":{"line":172,"column":9}}],"line":148},"5":{"loc":{"start":{"line":178,"column":8},"end":{"line":218,"column":9}},"type":"if","locations":[{"start":{"line":178,"column":8},"end":{"line":218,"column":9}},{"start":{"line":178,"column":8},"end":{"line":218,"column":9}}],"line":178}},"s":{"0":2,"1":4,"2":0,"3":2,"4":0,"5":0,"6":2,"7":2,"8":2,"9":2,"10":0,"11":0,"12":0,"13":2,"14":2,"15":2,"16":4,"17":0,"18":0,"19":2,"20":2,"21":2,"22":2,"23":0},"f":{"0":4,"1":0,"2":0,"3":0,"4":2,"5":2,"6":0,"7":0,"8":0,"9":2,"10":4,"11":0,"12":2},"b":{"0":[2,2],"1":[4,2],"2":[0,0],"3":[0,0],"4":[2,0],"5":[2,0]},"_coverageSchema":"43e27e138ebf9cfc5966b082cf9a028302ed4184","hash":"8ce9f172986784de5de9072b5e1301c1d30e7d1c"}
,"C:\\Users\\e3141\\source\\repos\\cookEATrepeat\\cookEATrepeat_MERN_v3.0\\client\\src\\components\\signup.js": {"path":"C:\\Users\\e3141\\source\\repos\\cookEATrepeat\\cookEATrepeat_MERN_v3.0\\client\\src\\components\\signup.js","statementMap":{"0":{"start":{"line":21,"column":8},"end":{"line":21,"column":21}},"1":{"start":{"line":22,"column":8},"end":{"line":41,"column":9}},"2":{"start":{"line":43,"column":8},"end":{"line":43,"column":57}},"3":{"start":{"line":44,"column":8},"end":{"line":44,"column":57}},"4":{"start":{"line":45,"column":8},"end":{"line":45,"column":59}},"5":{"start":{"line":46,"column":8},"end":{"line":46,"column":53}},"6":{"start":{"line":50,"column":21},"end":{"line":50,"column":38}},"7":{"start":{"line":51,"column":22},"end":{"line":51,"column":40}},"8":{"start":{"line":52,"column":8},"end":{"line":55,"column":15}},"9":{"start":{"line":54,"column":16},"end":{"line":54,"column":47}},"10":{"start":{"line":59,"column":8},"end":{"line":59,"column":31}},"11":{"start":{"line":61,"column":8},"end":{"line":64,"column":9}},"12":{"start":{"line":62,"column":12},"end":{"line":62,"column":45}},"13":{"start":{"line":63,"column":12},"end":{"line":63,"column":19}},"14":{"start":{"line":66,"column":8},"end":{"line":82,"column":14}},"15":{"start":{"line":74,"column":16},"end":{"line":78,"column":17}},"16":{"start":{"line":75,"column":20},"end":{"line":75,"column":54}},"17":{"start":{"line":77,"column":20},"end":{"line":77,"column":42}},"18":{"start":{"line":81,"column":16},"end":{"line":81,"column":54}},"19":{"start":{"line":87,"column":36},"end":{"line":87,"column":57}},"20":{"start":{"line":88,"column":28},"end":{"line":88,"column":52}},"21":{"start":{"line":89,"column":29},"end":{"line":89,"column":54}},"22":{"start":{"line":90,"column":28},"end":{"line":90,"column":52}},"23":{"start":{"line":91,"column":28},"end":{"line":91,"column":52}},"24":{"start":{"line":92,"column":31},"end":{"line":92,"column":58}},"25":{"start":{"line":94,"column":8},"end":{"line":117,"column":9}},"26":{"start":{"line":96,"column":16},"end":{"line":96,"column":84}},"27":{"start":{"line":97,"column":16},"end":{"line":97,"column":84}},"28":{"start":{"line":98,"column":16},"end":{"line":98,"column":22}},"29":{"start":{"line":100,"column":16},"end":{"line":100,"column":51}},"30":{"start":{"line":101,"column":16},"end":{"line":101,"column":105}},"31":{"start":{"line":102,"column":16},"end":{"line":102,"column":22}},"32":{"start":{"line":104,"column":16},"end":{"line":104,"column":50}},"33":{"start":{"line":105,"column":16},"end":{"line":105,"column":103}},"34":{"start":{"line":106,"column":16},"end":{"line":106,"column":22}},"35":{"start":{"line":108,"column":16},"end":{"line":108,"column":50}},"36":{"start":{"line":109,"column":16},"end":{"line":109,"column":86}},"37":{"start":{"line":110,"column":16},"end":{"line":110,"column":22}},"38":{"start":{"line":112,"column":16},"end":{"line":112,"column":53}},"39":{"start":{"line":113,"column":16},"end":{"line":113,"column":94}},"40":{"start":{"line":114,"column":16},"end":{"line":114,"column":22}},"41":{"start":{"line":116,"column":16},"end":{"line":116,"column":22}},"42":{"start":{"line":118,"column":8},"end":{"line":125,"column":30}},"43":{"start":{"line":128,"column":8},"end":{"line":135,"column":11}},"44":{"start":{"line":138,"column":8},"end":{"line":138,"column":53}},"45":{"start":{"line":142,"column":8},"end":{"line":232,"column":9}}},"fnMap":{"0":{"name":"(anonymous_0)","decl":{"start":{"line":20,"column":4},"end":{"line":20,"column":5}},"loc":{"start":{"line":20,"column":23},"end":{"line":47,"column":5}},"line":20},"1":{"name":"(anonymous_1)","decl":{"start":{"line":49,"column":4},"end":{"line":49,"column":5}},"loc":{"start":{"line":49,"column":24},"end":{"line":56,"column":5}},"line":49},"2":{"name":"(anonymous_2)","decl":{"start":{"line":53,"column":12},"end":{"line":53,"column":13}},"loc":{"start":{"line":53,"column":18},"end":{"line":55,"column":13}},"line":53},"3":{"name":"(anonymous_3)","decl":{"start":{"line":58,"column":4},"end":{"line":58,"column":5}},"loc":{"start":{"line":58,"column":24},"end":{"line":83,"column":5}},"line":58},"4":{"name":"(anonymous_4)","decl":{"start":{"line":73,"column":18},"end":{"line":73,"column":19}},"loc":{"start":{"line":73,"column":25},"end":{"line":79,"column":13}},"line":73},"5":{"name":"(anonymous_5)","decl":{"start":{"line":80,"column":19},"end":{"line":80,"column":20}},"loc":{"start":{"line":80,"column":26},"end":{"line":82,"column":13}},"line":80},"6":{"name":"(anonymous_6)","decl":{"start":{"line":86,"column":4},"end":{"line":86,"column":5}},"loc":{"start":{"line":86,"column":36},"end":{"line":126,"column":5}},"line":86},"7":{"name":"(anonymous_7)","decl":{"start":{"line":127,"column":4},"end":{"line":127,"column":5}},"loc":{"start":{"line":127,"column":19},"end":{"line":136,"column":5}},"line":127},"8":{"name":"(anonymous_8)","decl":{"start":{"line":137,"column":4},"end":{"line":137,"column":5}},"loc":{"start":{"line":137,"column":20},"end":{"line":139,"column":5}},"line":137},"9":{"name":"(anonymous_9)","decl":{"start":{"line":141,"column":4},"end":{"line":141,"column":5}},"loc":{"start":{"line":141,"column":13},"end":{"line":233,"column":5}},"line":141}},"branchMap":{"0":{"loc":{"start":{"line":61,"column":8},"end":{"line":64,"column":9}},"type":"if","locations":[{"start":{"line":61,"column":8},"end":{"line":64,"column":9}},{"start":{"line":61,"column":8},"end":{"line":64,"column":9}}],"line":61},"1":{"loc":{"start":{"line":74,"column":16},"end":{"line":78,"column":17}},"type":"if","locations":[{"start":{"line":74,"column":16},"end":{"line":78,"column":17}},{"start":{"line":74,"column":16},"end":{"line":78,"column":17}}],"line":74},"2":{"loc":{"start":{"line":94,"column":8},"end":{"line":117,"column":9}},"type":"switch","locations":[{"start":{"line":95,"column":12},"end":{"line":98,"column":22}},{"start":{"line":99,"column":12},"end":{"line":102,"column":22}},{"start":{"line":103,"column":12},"end":{"line":106,"column":22}},{"start":{"line":107,"column":12},"end":{"line":110,"column":22}},{"start":{"line":111,"column":12},"end":{"line":114,"column":22}},{"start":{"line":115,"column":12},"end":{"line":116,"column":22}}],"line":94},"3":{"loc":{"start":{"line":97,"column":49},"end":{"line":97,"column":83}},"type":"cond-expr","locations":[{"start":{"line":97,"column":65},"end":{"line":97,"column":67}},{"start":{"line":97,"column":70},"end":{"line":97,"column":83}}],"line":97},"4":{"loc":{"start":{"line":101,"column":50},"end":{"line":101,"column":104}},"type":"cond-expr","locations":[{"start":{"line":101,"column":67},"end":{"line":101,"column":69}},{"start":{"line":101,"column":72},"end":{"line":101,"column":104}}],"line":101},"5":{"loc":{"start":{"line":105,"column":49},"end":{"line":105,"column":102}},"type":"cond-expr","locations":[{"start":{"line":105,"column":65},"end":{"line":105,"column":67}},{"start":{"line":105,"column":70},"end":{"line":105,"column":102}}],"line":105},"6":{"loc":{"start":{"line":109,"column":49},"end":{"line":109,"column":85}},"type":"cond-expr","locations":[{"start":{"line":109,"column":65},"end":{"line":109,"column":67}},{"start":{"line":109,"column":70},"end":{"line":109,"column":85}}],"line":109},"7":{"loc":{"start":{"line":113,"column":56},"end":{"line":113,"column":93}},"type":"cond-expr","locations":[{"start":{"line":113,"column":75},"end":{"line":113,"column":77}},{"start":{"line":113,"column":80},"end":{"line":113,"column":93}}],"line":113},"8":{"loc":{"start":{"line":130,"column":16},"end":{"line":134,"column":46}},"type":"binary-expr","locations":[{"start":{"line":130,"column":16},"end":{"line":130,"column":40}},{"start":{"line":131,"column":19},"end":{"line":131,"column":43}},{"start":{"line":132,"column":19},"end":{"line":132,"column":44}},{"start":{"line":133,"column":19},"end":{"line":133,"column":43}},{"start":{"line":134,"column":19},"end":{"line":134,"column":46}}],"line":130},"9":{"loc":{"start":{"line":138,"column":16},"end":{"line":138,"column":51}},"type":"cond-expr","locations":[{"start":{"line":138,"column":35},"end":{"line":138,"column":37}},{"start":{"line":138,"column":40},"end":{"line":138,"column":51}}],"line":138}},"s":{"0":0,"1":0,"2":0,"3":0,"4":0,"5":0,"6":0,"7":0,"8":0,"9":0,"10":0,"11":0,"12":0,"13":0,"14":0,"15":0,"16":0,"17":0,"18":0,"19":0,"20":0,"21":0,"22":0,"23":0,"24":0,"25":0,"26":0,"27":0,"28":0,"29":0,"30":0,"31":0,"32":0,"33":0,"34":0,"35":0,"36":0,"37":0,"38":0,"39":0,"40":0,"41":0,"42":0,"43":0,"44":0,"45":0},"f":{"0":0,"1":0,"2":0,"3":0,"4":0,"5":0,"6":0,"7":0,"8":0,"9":0},"b":{"0":[0,0],"1":[0,0],"2":[0,0,0,0,0,0],"3":[0,0],"4":[0,0],"5":[0,0],"6":[0,0],"7":[0,0],"8":[0,0,0,0,0],"9":[0,0]},"_coverageSchema":"43e27e138ebf9cfc5966b082cf9a028302ed4184","hash":"92c89488557c577a1427b0853463be4654205399"}
,"C:\\Users\\e3141\\source\\repos\\cookEATrepeat\\cookEATrepeat_MERN_v3.0\\client\\src\\router\\app-router.js": {"path":"C:\\Users\\e3141\\source\\repos\\cookEATrepeat\\cookEATrepeat_MERN_v3.0\\client\\src\\router\\app-router.js","statementMap":{"0":{"start":{"line":6,"column":18},"end":{"line":10,"column":1}},"1":{"start":{"line":7,"column":2},"end":{"line":9,"column":11}}},"fnMap":{"0":{"name":"(anonymous_0)","decl":{"start":{"line":6,"column":18},"end":{"line":6,"column":19}},"loc":{"start":{"line":7,"column":2},"end":{"line":9,"column":11}},"line":7}},"branchMap":{},"s":{"0":1,"1":0},"f":{"0":0},"b":{},"_coverageSchema":"43e27e138ebf9cfc5966b082cf9a028302ed4184","hash":"3f56fc2a811efb5a40bf15786f5d78cd1b804d96"}
,"C:\\Users\\e3141\\source\\repos\\cookEATrepeat\\cookEATrepeat_MERN_v3.0\\client\\src\\router\\app-switch.js": {"path":"C:\\Users\\e3141\\source\\repos\\cookEATrepeat\\cookEATrepeat_MERN_v3.0\\client\\src\\router\\app-switch.js","statementMap":{"0":{"start":{"line":31,"column":8},"end":{"line":31,"column":16}},"1":{"start":{"line":33,"column":8},"end":{"line":33,"column":47}},"2":{"start":{"line":34,"column":8},"end":{"line":34,"column":47}},"3":{"start":{"line":35,"column":8},"end":{"line":35,"column":59}},"4":{"start":{"line":36,"column":8},"end":{"line":36,"column":29}},"5":{"start":{"line":38,"column":8},"end":{"line":43,"column":9}},"6":{"start":{"line":47,"column":8},"end":{"line":47,"column":29}},"7":{"start":{"line":49,"column":21},"end":{"line":49,"column":34}},"8":{"start":{"line":50,"column":8},"end":{"line":72,"column":9}},"9":{"start":{"line":51,"column":12},"end":{"line":69,"column":14}},"10":{"start":{"line":55,"column":33},"end":{"line":55,"column":49}},"11":{"start":{"line":56,"column":16},"end":{"line":68,"column":17}},"12":{"start":{"line":57,"column":20},"end":{"line":61,"column":23}},"13":{"start":{"line":63,"column":20},"end":{"line":67,"column":23}},"14":{"start":{"line":71,"column":12},"end":{"line":71,"column":29}},"15":{"start":{"line":76,"column":14},"end":{"line":93,"column":5}},"16":{"start":{"line":77,"column":8},"end":{"line":77,"column":31}},"17":{"start":{"line":79,"column":8},"end":{"line":92,"column":10}},"18":{"start":{"line":81,"column":16},"end":{"line":87,"column":17}},"19":{"start":{"line":82,"column":20},"end":{"line":86,"column":23}},"20":{"start":{"line":90,"column":16},"end":{"line":90,"column":45}},"21":{"start":{"line":91,"column":16},"end":{"line":91,"column":33}},"22":{"start":{"line":94,"column":14},"end":{"line":100,"column":5}},"23":{"start":{"line":95,"column":8},"end":{"line":99,"column":11}},"24":{"start":{"line":101,"column":20},"end":{"line":115,"column":5}},"25":{"start":{"line":102,"column":23},"end":{"line":102,"column":38}},"26":{"start":{"line":103,"column":8},"end":{"line":114,"column":11}},"27":{"start":{"line":107,"column":28},"end":{"line":107,"column":44}},"28":{"start":{"line":108,"column":12},"end":{"line":110,"column":15}},"29":{"start":{"line":113,"column":12},"end":{"line":113,"column":29}},"30":{"start":{"line":118,"column":8},"end":{"line":166,"column":10}},"31":{"start":{"line":123,"column":20},"end":{"line":125,"column":56}},"32":{"start":{"line":128,"column":16},"end":{"line":129,"column":45}},"33":{"start":{"line":140,"column":16},"end":{"line":144,"column":47}}},"fnMap":{"0":{"name":"(anonymous_0)","decl":{"start":{"line":30,"column":4},"end":{"line":30,"column":5}},"loc":{"start":{"line":30,"column":18},"end":{"line":44,"column":5}},"line":30},"1":{"name":"(anonymous_1)","decl":{"start":{"line":46,"column":4},"end":{"line":46,"column":5}},"loc":{"start":{"line":46,"column":24},"end":{"line":73,"column":5}},"line":46},"2":{"name":"(anonymous_2)","decl":{"start":{"line":54,"column":18},"end":{"line":54,"column":19}},"loc":{"start":{"line":54,"column":33},"end":{"line":69,"column":13}},"line":54},"3":{"name":"(anonymous_3)","decl":{"start":{"line":76,"column":14},"end":{"line":76,"column":15}},"loc":{"start":{"line":76,"column":43},"end":{"line":93,"column":5}},"line":76},"4":{"name":"(anonymous_4)","decl":{"start":{"line":80,"column":18},"end":{"line":80,"column":19}},"loc":{"start":{"line":80,"column":25},"end":{"line":88,"column":13}},"line":80},"5":{"name":"(anonymous_5)","decl":{"start":{"line":89,"column":19},"end":{"line":89,"column":20}},"loc":{"start":{"line":89,"column":26},"end":{"line":92,"column":9}},"line":89},"6":{"name":"(anonymous_6)","decl":{"start":{"line":94,"column":14},"end":{"line":94,"column":15}},"loc":{"start":{"line":94,"column":68},"end":{"line":100,"column":5}},"line":94},"7":{"name":"(anonymous_7)","decl":{"start":{"line":101,"column":20},"end":{"line":101,"column":21}},"loc":{"start":{"line":101,"column":26},"end":{"line":115,"column":5}},"line":101},"8":{"name":"(anonymous_8)","decl":{"start":{"line":106,"column":14},"end":{"line":106,"column":15}},"loc":{"start":{"line":106,"column":29},"end":{"line":111,"column":9}},"line":106},"9":{"name":"(anonymous_9)","decl":{"start":{"line":112,"column":15},"end":{"line":112,"column":16}},"loc":{"start":{"line":112,"column":22},"end":{"line":114,"column":9}},"line":112},"10":{"name":"(anonymous_10)","decl":{"start":{"line":117,"column":4},"end":{"line":117,"column":5}},"loc":{"start":{"line":117,"column":13},"end":{"line":167,"column":5}},"line":117},"11":{"name":"(anonymous_11)","decl":{"start":{"line":122,"column":42},"end":{"line":122,"column":43}},"loc":{"start":{"line":123,"column":20},"end":{"line":125,"column":56}},"line":123},"12":{"name":"(anonymous_12)","decl":{"start":{"line":127,"column":47},"end":{"line":127,"column":48}},"loc":{"start":{"line":128,"column":16},"end":{"line":129,"column":45}},"line":128},"13":{"name":"(anonymous_13)","decl":{"start":{"line":139,"column":43},"end":{"line":139,"column":44}},"loc":{"start":{"line":140,"column":16},"end":{"line":144,"column":47}},"line":140}},"branchMap":{"0":{"loc":{"start":{"line":56,"column":16},"end":{"line":68,"column":17}},"type":"if","locations":[{"start":{"line":56,"column":16},"end":{"line":68,"column":17}},{"start":{"line":56,"column":16},"end":{"line":68,"column":17}}],"line":56},"1":{"loc":{"start":{"line":81,"column":16},"end":{"line":87,"column":17}},"type":"if","locations":[{"start":{"line":81,"column":16},"end":{"line":87,"column":17}},{"start":{"line":81,"column":16},"end":{"line":87,"column":17}}],"line":81}},"s":{"0":0,"1":0,"2":0,"3":0,"4":0,"5":0,"6":0,"7":0,"8":0,"9":0,"10":0,"11":0,"12":0,"13":0,"14":0,"15":0,"16":0,"17":0,"18":0,"19":0,"20":0,"21":0,"22":0,"23":0,"24":0,"25":0,"26":0,"27":0,"28":0,"29":0,"30":0,"31":0,"32":0,"33":0},"f":{"0":0,"1":0,"2":0,"3":0,"4":0,"5":0,"6":0,"7":0,"8":0,"9":0,"10":0,"11":0,"12":0,"13":0},"b":{"0":[0,0],"1":[0,0]},"_coverageSchema":"43e27e138ebf9cfc5966b082cf9a028302ed4184","hash":"67ef146157a9c283487302d582da63ae5e861713"}
,"C:\\Users\\e3141\\source\\repos\\cookEATrepeat\\cookEATrepeat_MERN_v3.0\\client\\src\\utils\\FormErrors.js": {"path":"C:\\Users\\e3141\\source\\repos\\cookEATrepeat\\cookEATrepeat_MERN_v3.0\\client\\src\\utils\\FormErrors.js","statementMap":{"0":{"start":{"line":3,"column":26},"end":{"line":12,"column":10}},"1":{"start":{"line":4,"column":4},"end":{"line":12,"column":10}},"2":{"start":{"line":6,"column":12},"end":{"line":10,"column":13}},"3":{"start":{"line":7,"column":16},"end":{"line":7,"column":75}},"4":{"start":{"line":9,"column":16},"end":{"line":9,"column":26}}},"fnMap":{"0":{"name":"(anonymous_0)","decl":{"start":{"line":3,"column":26},"end":{"line":3,"column":27}},"loc":{"start":{"line":4,"column":4},"end":{"line":12,"column":10}},"line":4},"1":{"name":"(anonymous_1)","decl":{"start":{"line":5,"column":37},"end":{"line":5,"column":38}},"loc":{"start":{"line":5,"column":53},"end":{"line":11,"column":9}},"line":5}},"branchMap":{"0":{"loc":{"start":{"line":6,"column":12},"end":{"line":10,"column":13}},"type":"if","locations":[{"start":{"line":6,"column":12},"end":{"line":10,"column":13}},{"start":{"line":6,"column":12},"end":{"line":10,"column":13}}],"line":6}},"s":{"0":1,"1":0,"2":0,"3":0,"4":0},"f":{"0":0,"1":0},"b":{"0":[0,0]},"_coverageSchema":"43e27e138ebf9cfc5966b082cf9a028302ed4184","hash":"adbdf8fd8608ddbc096802aef2525f9ed536cef4"}
}
